[2023/6/21 16:37:30] POST / HTTP/1.1
Host: localhost:8080
User-Agent: Mozilla/5.0 (X11; Linux x86_64; rv:109.0) Gecko/20100101 Firefox/114.0
Accept: text/html,application/xhtml+xml,application/xml;q=0.9,image/avif,image/webp,*/*;q=0.8
Accept-Language: en-US,en;q=0.5
Accept-Encoding: gzip, deflate, br
Content-Type: application/x-www-form-urlencoded
Content-Length: 23
Origin: http://localhost:8080
Connection: keep-alive
Referer: http://localhost:8080/
Upgrade-Insecure-Requests: 1
Sec-Fetch-Dest: document
Sec-Fetch-Mode: navigate
Sec-Fetch-Site: same-origin
Sec-Fetch-User: ?1

fname=hugo&lname=delmas
[2023/6/21 16:37:30] DONE
[2023/6/21 16:37:30] HTTP/1.1 200 OK
Content-Type: text/html
Content-Length: 617

<!DOCTYPE html>
<html lang="en">
<head>
  <meta charset="UTF-8" />
  <title>Hello, world!</title>
  <meta name="viewport" content="width=device-width,initial-scale=1" />
  <meta name="description" content="" />
  <link rel="icon" href="favicon.png">
</head>
<body>
    <h1>Hello</h1>
    <form method="POST">
        <label for="fname">First name:</label><br>
        <input type="text" id="fname" name="fname"><br>
        <label for="lname">Last name:</label><br>
        <input type="text" id="lname" name="lname"><br><br>
        <input type="submit" value="Submit">
    </form>
</body>
</html>
[2023/6/21 16:38:11] POST / HTTP/1.1
Host: localhost:8080
User-Agent: Mozilla/5.0 (X11; Linux x86_64; rv:109.0) Gecko/20100101 Firefox/114.0
Accept: text/html,application/xhtml+xml,application/xml;q=0.9,image/avif,image/webp,*/*;q=0.8
Accept-Language: en-US,en;q=0.5
Accept-Encoding: gzip, deflate, br
Content-Type: application/x-www-form-urlencoded
Content-Length: 13
Origin: http://localhost:8080
Connection: keep-alive
Referer: http://localhost:8080/
Upgrade-Insecure-Requests: 1
Sec-Fetch-Dest: document
Sec-Fetch-Mode: navigate
Sec-Fetch-Site: same-origin
Sec-Fetch-User: ?1

fname=&lname=
[2023/6/21 16:38:11] DONEr 
[2023/6/21 16:38:11] HTTP/1.1 200 OK
Content-Type: text/html
Content-Length: 617

<!DOCTYPE html>
<html lang="en">
<head>
  <meta charset="UTF-8" />
  <title>Hello, world!</title>
  <meta name="viewport" content="width=device-width,initial-scale=1" />
  <meta name="description" content="" />
  <link rel="icon" href="favicon.png">
</head>
<body>
    <h1>Hello</h1>
    <form method="POST">
        <label for="fname">First name:</label><br>
        <input type="text" id="fname" name="fname"><br>
        <label for="lname">Last name:</label><br>
        <input type="text" id="lname" name="lname"><br><br>
        <input type="submit" value="Submit">
    </form>
</body>
</html>
[2023/6/21 16:39:20] POST / HTTP/1.1
Host: localhost:8080
User-Agent: Mozilla/5.0 (X11; Linux x86_64; rv:109.0) Gecko/20100101 Firefox/114.0
Accept: text/html,application/xhtml+xml,application/xml;q=0.9,image/avif,image/webp,*/*;q=0.8
Accept-Language: en-US,en;q=0.5
Accept-Encoding: gzip, deflate, br
Content-Type: application/x-www-form-urlencoded
Content-Length: 13
Origin: http://localhost:8080
Connection: keep-alive
Referer: http://localhost:8080/
Upgrade-Insecure-Requests: 1
Sec-Fetch-Dest: document
Sec-Fetch-Mode: navigate
Sec-Fetch-Site: same-origin
Sec-Fetch-User: ?1

fname=&lname=
[2023/6/21 16:39:20] Error 
[2023/6/21 16:39:20] HTTP/1.1 200 OK
Content-Type: text/html
Content-Length: 617

<!DOCTYPE html>
<html lang="en">
<head>
  <meta charset="UTF-8" />
  <title>Hello, world!</title>
  <meta name="viewport" content="width=device-width,initial-scale=1" />
  <meta name="description" content="" />
  <link rel="icon" href="favicon.png">
</head>
<body>
    <h1>Hello</h1>
    <form method="POST">
        <label for="fname">First name:</label><br>
        <input type="text" id="fname" name="fname"><br>
        <label for="lname">Last name:</label><br>
        <input type="text" id="lname" name="lname"><br><br>
        <input type="submit" value="Submit">
    </form>
</body>
</html>
[2023/6/21 16:41:05] POST / HTTP/1.1
Host: localhost:8080
User-Agent: Mozilla/5.0 (X11; Linux x86_64; rv:109.0) Gecko/20100101 Firefox/114.0
Accept: text/html,application/xhtml+xml,application/xml;q=0.9,image/avif,image/webp,*/*;q=0.8
Accept-Language: en-US,en;q=0.5
Accept-Encoding: gzip, deflate, br
Content-Type: application/x-www-form-urlencoded
Content-Length: 13
Origin: http://localhost:8080
Connection: keep-alive
Referer: http://localhost:8080/
Upgrade-Insecure-Requests: 1
Sec-Fetch-Dest: document
Sec-Fetch-Mode: navigate
Sec-Fetch-Site: same-origin
Sec-Fetch-User: ?1

fname=&lname=
[2023/6/21 16:41:05] Error DONE
[2023/6/21 16:41:05] HTTP/1.1 200 OK
Content-Type: text/html
Content-Length: 617

<!DOCTYPE html>
<html lang="en">
<head>
  <meta charset="UTF-8" />
  <title>Hello, world!</title>
  <meta name="viewport" content="width=device-width,initial-scale=1" />
  <meta name="description" content="" />
  <link rel="icon" href="favicon.png">
</head>
<body>
    <h1>Hello</h1>
    <form method="POST">
        <label for="fname">First name:</label><br>
        <input type="text" id="fname" name="fname"><br>
        <label for="lname">Last name:</label><br>
        <input type="text" id="lname" name="lname"><br><br>
        <input type="submit" value="Submit">
    </form>
</body>
</html>
